# JRE version: Java(TM) SE Runtime Environment (8.0_25-b17) (build 1.8.0_25-b17)
# Java VM: Java HotSpot(TM) 64-Bit Server VM (25.25-b02 mixed mode linux-amd64 compressed oops)
Heap:
 PSYoungGen      total 257536K, used 182321K [0x00000000ec300000, 0x00000000fe100000, 0x0000000100000000)
  eden space 255488K, 71% used [0x00000000ec300000,0x00000000f750c630,0x00000000fbc80000)
  from space 2048K, 0% used [0x00000000fbc80000,0x00000000fbc80000,0x00000000fbe80000)
  to   space 2048K, 0% used [0x00000000fdf00000,0x00000000fdf00000,0x00000000fe100000)
 ParOldGen       total 456704K, used 389978K [0x00000000c4800000, 0x00000000e0600000, 0x00000000ec300000)
  object space 456704K, 85% used [0x00000000c4800000,0x00000000dc4d6888,0x00000000e0600000)
 Metaspace       used 7049K, capacity 7182K, committed 7296K, reserved 1056768K
  class space    used 809K, capacity 853K, committed 896K, reserved 1048576K
GC Heap History (10 events):
Event: 5.056 GC heap before
{Heap before GC invocations=14 (full 1):
 PSYoungGen      total 171520K, used 171040K [0x00000000ec300000, 0x00000000f6f80000, 0x0000000100000000)
  eden space 171008K, 100% used [0x00000000ec300000,0x00000000f6a00000,0x00000000f6a00000)
  from space 512K, 6% used [0x00000000f6f00000,0x00000000f6f08000,0x00000000f6f80000)
  to   space 2560K, 0% used [0x00000000f6a80000,0x00000000f6a80000,0x00000000f6d00000)
 ParOldGen       total 456704K, used 389978K [0x00000000c4800000, 0x00000000e0600000, 0x00000000ec300000)
  object space 456704K, 85% used [0x00000000c4800000,0x00000000dc4d6888,0x00000000e0600000)
 Metaspace       used 7034K, capacity 7182K, committed 7296K, reserved 1056768K
  class space    used 807K, capacity 853K, committed 896K, reserved 1048576K
Event: 5.060 GC heap after
Heap after GC invocations=14 (full 1):
 PSYoungGen      total 174080K, used 32K [0x00000000ec300000, 0x00000000f9980000, 0x0000000100000000)
  eden space 171520K, 0% used [0x00000000ec300000,0x00000000ec300000,0x00000000f6a80000)
  from space 2560K, 1% used [0x00000000f6a80000,0x00000000f6a88000,0x00000000f6d00000)
  to   space 2560K, 0% used [0x00000000f9700000,0x00000000f9700000,0x00000000f9980000)
 ParOldGen       total 456704K, used 389978K [0x00000000c4800000, 0x00000000e0600000, 0x00000000ec300000)
  object space 456704K, 85% used [0x00000000c4800000,0x00000000dc4d6888,0x00000000e0600000)
 Metaspace       used 7034K, capacity 7182K, committed 7296K, reserved 1056768K
  class space    used 807K, capacity 853K, committed 896K, reserved 1048576K
}
Event: 5.471 GC heap before
{Heap before GC invocations=15 (full 1):
 PSYoungGen      total 174080K, used 171552K [0x00000000ec300000, 0x00000000f9980000, 0x0000000100000000)
  eden space 171520K, 100% used [0x00000000ec300000,0x00000000f6a80000,0x00000000f6a80000)
  from space 2560K, 1% used [0x00000000f6a80000,0x00000000f6a88000,0x00000000f6d00000)
  to   space 2560K, 0% used [0x00000000f9700000,0x00000000f9700000,0x00000000f9980000)
 ParOldGen       total 456704K, used 389978K [0x00000000c4800000, 0x00000000e0600000, 0x00000000ec300000)
  object space 456704K, 85% used [0x00000000c4800000,0x00000000dc4d6888,0x00000000e0600000)
 Metaspace       used 7034K, capacity 7182K, committed 7296K, reserved 1056768K
  class space    used 807K, capacity 853K, committed 896K, reserved 1048576K
Event: 5.475 GC heap after
Heap after GC invocations=15 (full 1):
 PSYoungGen      total 211968K, used 0K [0x00000000ec300000, 0x00000000f9780000, 0x0000000100000000)
  eden space 211456K, 0% used [0x00000000ec300000,0x00000000ec300000,0x00000000f9180000)
  from space 512K, 0% used [0x00000000f9700000,0x00000000f9700000,0x00000000f9780000)
  to   space 2560K, 0% used [0x00000000f9280000,0x00000000f9280000,0x00000000f9500000)
 ParOldGen       total 456704K, used 389978K [0x00000000c4800000, 0x00000000e0600000, 0x00000000ec300000)
  object space 456704K, 85% used [0x00000000c4800000,0x00000000dc4d6888,0x00000000e0600000)
 Metaspace       used 7034K, capacity 7182K, committed 7296K, reserved 1056768K
  class space    used 807K, capacity 853K, committed 896K, reserved 1048576K
}
Event: 5.994 GC heap before
{Heap before GC invocations=16 (full 1):
 PSYoungGen      total 211968K, used 211456K [0x00000000ec300000, 0x00000000f9780000, 0x0000000100000000)
  eden space 211456K, 100% used [0x00000000ec300000,0x00000000f9180000,0x00000000f9180000)
  from space 512K, 0% used [0x00000000f9700000,0x00000000f9700000,0x00000000f9780000)
  to   space 2560K, 0% used [0x00000000f9280000,0x00000000f9280000,0x00000000f9500000)
 ParOldGen       total 456704K, used 389978K [0x00000000c4800000, 0x00000000e0600000, 0x00000000ec300000)
  object space 456704K, 85% used [0x00000000c4800000,0x00000000dc4d6888,0x00000000e0600000)
 Metaspace       used 7034K, capacity 7182K, committed 7296K, reserved 1056768K
  class space    used 807K, capacity 853K, committed 896K, reserved 1048576K
Event: 5.998 GC heap after
Heap after GC invocations=16 (full 1):
 PSYoungGen      total 215040K, used 32K [0x00000000ec300000, 0x00000000fc200000, 0x0000000100000000)
  eden space 212480K, 0% used [0x00000000ec300000,0x00000000ec300000,0x00000000f9280000)
  from space 2560K, 1% used [0x00000000f9280000,0x00000000f9288000,0x00000000f9500000)
  to   space 2560K, 0% used [0x00000000fbf80000,0x00000000fbf80000,0x00000000fc200000)
 ParOldGen       total 456704K, used 389978K [0x00000000c4800000, 0x00000000e0600000, 0x00000000ec300000)
  object space 456704K, 85% used [0x00000000c4800000,0x00000000dc4d6888,0x00000000e0600000)
 Metaspace       used 7034K, capacity 7182K, committed 7296K, reserved 1056768K
  class space    used 807K, capacity 853K, committed 896K, reserved 1048576K
}
Event: 6.525 GC heap before
{Heap before GC invocations=17 (full 1):
 PSYoungGen      total 215040K, used 212512K [0x00000000ec300000, 0x00000000fc200000, 0x0000000100000000)
  eden space 212480K, 100% used [0x00000000ec300000,0x00000000f9280000,0x00000000f9280000)
  from space 2560K, 1% used [0x00000000f9280000,0x00000000f9288000,0x00000000f9500000)
  to   space 2560K, 0% used [0x00000000fbf80000,0x00000000fbf80000,0x00000000fc200000)
 ParOldGen       total 456704K, used 389978K [0x00000000c4800000, 0x00000000e0600000, 0x00000000ec300000)
  object space 456704K, 85% used [0x00000000c4800000,0x00000000dc4d6888,0x00000000e0600000)
 Metaspace       used 7034K, capacity 7182K, committed 7296K, reserved 1056768K
  class space    used 807K, capacity 853K, committed 896K, reserved 1048576K
Event: 6.530 GC heap after
Heap after GC invocations=17 (full 1):
 PSYoungGen      total 256512K, used 0K [0x00000000ec300000, 0x00000000fc080000, 0x0000000100000000)
  eden space 255488K, 0% used [0x00000000ec300000,0x00000000ec300000,0x00000000fbc80000)
  from space 1024K, 0% used [0x00000000fbf80000,0x00000000fbf80000,0x00000000fc080000)
  to   space 2048K, 0% used [0x00000000fbc80000,0x00000000fbc80000,0x00000000fbe80000)
 ParOldGen       total 456704K, used 389978K [0x00000000c4800000, 0x00000000e0600000, 0x00000000ec300000)
  object space 456704K, 85% used [0x00000000c4800000,0x00000000dc4d6888,0x00000000e0600000)
 Metaspace       used 7034K, capacity 7182K, committed 7296K, reserved 1056768K
  class space    used 807K, capacity 853K, committed 896K, reserved 1048576K
}
Event: 7.179 GC heap before
{Heap before GC invocations=18 (full 1):
 PSYoungGen      total 256512K, used 255488K [0x00000000ec300000, 0x00000000fc080000, 0x0000000100000000)
  eden space 255488K, 100% used [0x00000000ec300000,0x00000000fbc80000,0x00000000fbc80000)
  from space 1024K, 0% used [0x00000000fbf80000,0x00000000fbf80000,0x00000000fc080000)
  to   space 2048K, 0% used [0x00000000fbc80000,0x00000000fbc80000,0x00000000fbe80000)
 ParOldGen       total 456704K, used 389978K [0x00000000c4800000, 0x00000000e0600000, 0x00000000ec300000)
  object space 456704K, 85% used [0x00000000c4800000,0x00000000dc4d6888,0x00000000e0600000)
 Metaspace       used 7034K, capacity 7182K, committed 7296K, reserved 1056768K
  class space    used 807K, capacity 853K, committed 896K, reserved 1048576K
Event: 7.186 GC heap after
Heap after GC invocations=18 (full 1):
 PSYoungGen      total 257536K, used 0K [0x00000000ec300000, 0x00000000fe100000, 0x0000000100000000)
  eden space 255488K, 0% used [0x00000000ec300000,0x00000000ec300000,0x00000000fbc80000)
  from space 2048K, 0% used [0x00000000fbc80000,0x00000000fbc80000,0x00000000fbe80000)
  to   space 2048K, 0% used [0x00000000fdf00000,0x00000000fdf00000,0x00000000fe100000)
 ParOldGen       total 456704K, used 389978K [0x00000000c4800000, 0x00000000e0600000, 0x00000000ec300000)
  object space 456704K, 85% used [0x00000000c4800000,0x00000000dc4d6888,0x00000000e0600000)
 Metaspace       used 7034K, capacity 7182K, committed 7296K, reserved 1056768K
  class space    used 807K, capacity 853K, committed 896K, reserved 1048576K
}

